<?xml version="1.0" encoding="UTF-8"?>
<!-- Generated by org.testng.reporters.JUnitReportReporter -->
<testsuite hostname="LAPTOP-FKKILF9K" failures="0" tests="1" name="testngPackage.TestClass" time="0.004" errors="0" timestamp="2023-08-19T08:38:55 CDT" skipped="0">
  <testcase classname="testngPackage.TestClass" name="run" time="0.004"/>
</testsuite> <!-- testngPackage.TestClass -->
