<?xml version="1.0" encoding="UTF-8"?>
<!-- Generated by org.testng.reporters.JUnitReportReporter -->
<testsuite hostname="LAPTOP-FKKILF9K" failures="0" tests="3" name="testngPackage.OpenWebsites" time="27.467" errors="0" timestamp="2023-08-20T08:09:20 CDT" skipped="0">
  <testcase classname="testngPackage.OpenWebsites" name="openingAmazonSite" time="11.403"/>
  <testcase classname="testngPackage.OpenWebsites" name="openingYahooSite" time="7.688"/>
  <testcase classname="testngPackage.OpenWebsites" name="openingCnbcSite" time="8.376"/>
</testsuite> <!-- testngPackage.OpenWebsites -->
