<?xml version="1.0" encoding="UTF-8"?>
<!-- Generated by org.testng.reporters.JUnitReportReporter -->
<testsuite hostname="LAPTOP-FKKILF9K" failures="0" tests="3" name="testngPackage.DataProviderClass" time="16.869" errors="0" timestamp="2023-08-20T08:09:20 CDT" skipped="0">
  <testcase classname="testngPackage.DataProviderClass" name="checking" time="4.752"/>
  <testcase classname="testngPackage.DataProviderClass" name="checking" time="7.301"/>
  <testcase classname="testngPackage.DataProviderClass" name="checking" time="4.816"/>
</testsuite> <!-- testngPackage.DataProviderClass -->
