<?xml version="1.0" encoding="UTF-8"?>
<!-- Generated by org.testng.reporters.JUnitReportReporter -->
<testsuite hostname="LAPTOP-FKKILF9K" failures="0" tests="1" name="testngPackage.Test2" time="13.057" errors="0" timestamp="2023-08-06T08:18:44 CDT" skipped="0">
  <testcase classname="testngPackage.Test2" name="testing" time="13.057"/>
</testsuite> <!-- testngPackage.Test2 -->
