<?xml version="1.0" encoding="UTF-8"?>
<!-- Generated by org.testng.reporters.JUnitReportReporter -->
<testsuite hostname="LAPTOP-FKKILF9K" failures="0" tests="4" name="practiceTestNG.PaymentPage" time="9.327" errors="0" timestamp="2023-09-03T08:29:38 CDT" skipped="0">
  <testcase classname="practiceTestNG.PaymentPage" name="verifyLogin" time="3.560"/>
  <testcase classname="practiceTestNG.PaymentPage" name="searchCourses" time="2.337"/>
  <testcase classname="practiceTestNG.PaymentPage" name="offeredAcademies" time="1.639"/>
  <testcase classname="practiceTestNG.PaymentPage" name="subscribe" time="1.791"/>
</testsuite> <!-- practiceTestNG.PaymentPage -->
