<?xml version="1.0" encoding="UTF-8"?>
<!-- Generated by org.testng.reporters.JUnitReportReporter -->
<testsuite hostname="LAPTOP-FKKILF9K" failures="0" tests="1" name="testngPackage.TestClass" time="0.039" errors="0" timestamp="2023-08-06T08:16:03 CDT" skipped="0">
  <testcase classname="testngPackage.TestClass" name="run" time="0.039"/>
</testsuite> <!-- testngPackage.TestClass -->
