<?xml version="1.0" encoding="UTF-8"?>
<!-- Generated by org.testng.reporters.JUnitReportReporter -->
<testsuite hostname="LAPTOP-FKKILF9K" failures="0" tests="2" name="practiceTestNG.CheckDashboard" time="7.479" errors="0" timestamp="2023-09-01T18:05:13 CDT" skipped="0">
  <testcase classname="practiceTestNG.CheckDashboard" name="verifyLogin" time="4.437"/>
  <testcase classname="practiceTestNG.CheckDashboard" name="searchCourses" time="3.042"/>
</testsuite> <!-- practiceTestNG.CheckDashboard -->
