<?xml version="1.0" encoding="UTF-8"?>
<!-- Generated by org.testng.reporters.JUnitReportReporter -->
<testsuite hostname="LAPTOP-FKKILF9K" failures="0" tests="1" name="com.itlearn.testcases.LoginTest" time="9.437" errors="0" timestamp="2023-12-11T09:34:39 CST" skipped="0">
  <testcase classname="com.itlearn.testcases.LoginTest" name="verifyLogin" time="9.437"/>
</testsuite> <!-- com.itlearn.testcases.LoginTest -->
