<?xml version="1.0" encoding="UTF-8"?>
<!-- Generated by org.testng.reporters.JUnitReportReporter -->
<testsuite hostname="LAPTOP-FKKILF9K" failures="0" tests="2" name="com.itlearn.testcases.DashboardTextTest" time="9.197" errors="0" timestamp="2023-12-14T08:39:16 CST" skipped="0">
  <testcase classname="com.itlearn.testcases.DashboardTextTest" name="verifyLogin" time="9.139"/>
  <testcase classname="com.itlearn.testcases.DashboardTextTest" name="CheckDashboardText" time="0.058"/>
</testsuite> <!-- com.itlearn.testcases.DashboardTextTest -->
