<?xml version="1.0" encoding="UTF-8"?>
<!-- Generated by org.testng.reporters.JUnitReportReporter -->
<testsuite hostname="LAPTOP-FKKILF9K" failures="0" tests="2" name="com.itlearn.testcases.SearchCoursesTest" time="9.312" errors="0" timestamp="2023-12-14T08:17:22 CST" skipped="0">
  <testcase classname="com.itlearn.testcases.SearchCoursesTest" name="verifyLogin" time="7.480"/>
  <testcase classname="com.itlearn.testcases.SearchCoursesTest" name="SearchCourse" time="1.832"/>
</testsuite> <!-- com.itlearn.testcases.SearchCoursesTest -->
